28-Nov-2022 11:20:44.455 정보 [main] org.apache.catalina.core.ApplicationContext.log ContextListener: contextInitialized()
28-Nov-2022 11:20:44.455 정보 [main] org.apache.catalina.core.ApplicationContext.log SessionListener: contextInitialized()
28-Nov-2022 11:20:44.455 정보 [main] org.apache.catalina.core.ApplicationContext.log ContextListener: attributeAdded('StockTicker', 'async.Stockticker@130a0f66')
28-Nov-2022 11:20:44.497 정보 [main] org.apache.catalina.core.ApplicationContext.log SessionListener: contextDestroyed()
28-Nov-2022 11:20:44.497 정보 [main] org.apache.catalina.core.ApplicationContext.log ContextListener: contextDestroyed()
28-Nov-2022 11:23:25.708 정보 [main] org.apache.catalina.core.ApplicationContext.log ContextListener: contextInitialized()
28-Nov-2022 11:23:25.708 정보 [main] org.apache.catalina.core.ApplicationContext.log SessionListener: contextInitialized()
28-Nov-2022 11:23:25.708 정보 [main] org.apache.catalina.core.ApplicationContext.log ContextListener: attributeAdded('StockTicker', 'async.Stockticker@7e11ab3d')
28-Nov-2022 11:28:15.369 정보 [Thread-1] org.apache.catalina.core.ApplicationContext.log SessionListener: contextDestroyed()
28-Nov-2022 11:28:15.369 정보 [Thread-1] org.apache.catalina.core.ApplicationContext.log ContextListener: contextDestroyed()
28-Nov-2022 11:28:34.412 정보 [main] org.apache.catalina.core.ApplicationContext.log ContextListener: contextInitialized()
28-Nov-2022 11:28:34.412 정보 [main] org.apache.catalina.core.ApplicationContext.log SessionListener: contextInitialized()
28-Nov-2022 11:28:34.413 정보 [main] org.apache.catalina.core.ApplicationContext.log ContextListener: attributeAdded('StockTicker', 'async.Stockticker@22175d4f')
28-Nov-2022 11:29:37.632 정보 [main] org.apache.catalina.core.ApplicationContext.log SessionListener: contextDestroyed()
28-Nov-2022 11:29:37.632 정보 [main] org.apache.catalina.core.ApplicationContext.log ContextListener: contextDestroyed()
28-Nov-2022 11:30:13.101 정보 [main] org.apache.catalina.core.ApplicationContext.log ContextListener: contextInitialized()
28-Nov-2022 11:30:13.101 정보 [main] org.apache.catalina.core.ApplicationContext.log SessionListener: contextInitialized()
28-Nov-2022 11:30:13.101 정보 [main] org.apache.catalina.core.ApplicationContext.log ContextListener: attributeAdded('StockTicker', 'async.Stockticker@2899a8db')
28-Nov-2022 11:39:59.677 정보 [main] org.apache.catalina.core.ApplicationContext.log ContextListener: contextInitialized()
28-Nov-2022 11:39:59.677 정보 [main] org.apache.catalina.core.ApplicationContext.log SessionListener: contextInitialized()
28-Nov-2022 11:39:59.677 정보 [main] org.apache.catalina.core.ApplicationContext.log ContextListener: attributeAdded('StockTicker', 'async.Stockticker@6c44052e')
28-Nov-2022 11:39:59.710 정보 [main] org.apache.catalina.core.ApplicationContext.log SessionListener: contextDestroyed()
28-Nov-2022 11:39:59.711 정보 [main] org.apache.catalina.core.ApplicationContext.log ContextListener: contextDestroyed()
28-Nov-2022 11:40:08.230 정보 [main] org.apache.catalina.core.ApplicationContext.log ContextListener: contextInitialized()
28-Nov-2022 11:40:08.230 정보 [main] org.apache.catalina.core.ApplicationContext.log SessionListener: contextInitialized()
28-Nov-2022 11:40:08.230 정보 [main] org.apache.catalina.core.ApplicationContext.log ContextListener: attributeAdded('StockTicker', 'async.Stockticker@2899a8db')
28-Nov-2022 11:41:24.083 정보 [main] org.apache.catalina.core.ApplicationContext.log ContextListener: contextInitialized()
28-Nov-2022 11:41:24.083 정보 [main] org.apache.catalina.core.ApplicationContext.log SessionListener: contextInitialized()
28-Nov-2022 11:41:24.084 정보 [main] org.apache.catalina.core.ApplicationContext.log ContextListener: attributeAdded('StockTicker', 'async.Stockticker@38d5b107')
28-Nov-2022 11:41:40.328 정보 [main] org.apache.catalina.core.ApplicationContext.log SessionListener: contextDestroyed()
28-Nov-2022 11:41:40.328 정보 [main] org.apache.catalina.core.ApplicationContext.log ContextListener: contextDestroyed()
28-Nov-2022 11:42:12.408 정보 [main] org.apache.catalina.core.ApplicationContext.log ContextListener: contextInitialized()
28-Nov-2022 11:42:12.408 정보 [main] org.apache.catalina.core.ApplicationContext.log SessionListener: contextInitialized()
28-Nov-2022 11:42:12.409 정보 [main] org.apache.catalina.core.ApplicationContext.log ContextListener: attributeAdded('StockTicker', 'async.Stockticker@12365c88')
28-Nov-2022 11:42:31.243 정보 [main] org.apache.catalina.core.ApplicationContext.log SessionListener: contextDestroyed()
28-Nov-2022 11:42:31.243 정보 [main] org.apache.catalina.core.ApplicationContext.log ContextListener: contextDestroyed()
28-Nov-2022 11:50:38.209 정보 [main] org.apache.catalina.core.ApplicationContext.log ContextListener: contextInitialized()
28-Nov-2022 11:50:38.209 정보 [main] org.apache.catalina.core.ApplicationContext.log SessionListener: contextInitialized()
28-Nov-2022 11:50:38.210 정보 [main] org.apache.catalina.core.ApplicationContext.log ContextListener: attributeAdded('StockTicker', 'async.Stockticker@273c947f')
28-Nov-2022 11:50:38.242 정보 [main] org.apache.catalina.core.ApplicationContext.log SessionListener: contextDestroyed()
28-Nov-2022 11:50:38.242 정보 [main] org.apache.catalina.core.ApplicationContext.log ContextListener: contextDestroyed()
28-Nov-2022 11:52:39.882 정보 [main] org.apache.catalina.core.ApplicationContext.log ContextListener: contextInitialized()
28-Nov-2022 11:52:39.882 정보 [main] org.apache.catalina.core.ApplicationContext.log SessionListener: contextInitialized()
28-Nov-2022 11:52:39.882 정보 [main] org.apache.catalina.core.ApplicationContext.log ContextListener: attributeAdded('StockTicker', 'async.Stockticker@130a0f66')
28-Nov-2022 11:53:18.480 정보 [Thread-1] org.apache.catalina.core.ApplicationContext.log SessionListener: contextDestroyed()
28-Nov-2022 11:53:18.480 정보 [Thread-1] org.apache.catalina.core.ApplicationContext.log ContextListener: contextDestroyed()
28-Nov-2022 11:53:28.340 정보 [main] org.apache.catalina.core.ApplicationContext.log ContextListener: contextInitialized()
28-Nov-2022 11:53:28.340 정보 [main] org.apache.catalina.core.ApplicationContext.log SessionListener: contextInitialized()
28-Nov-2022 11:53:28.341 정보 [main] org.apache.catalina.core.ApplicationContext.log ContextListener: attributeAdded('StockTicker', 'async.Stockticker@76b0ae1b')
28-Nov-2022 11:59:39.779 정보 [main] org.apache.catalina.core.ApplicationContext.log SessionListener: contextDestroyed()
28-Nov-2022 11:59:39.779 정보 [main] org.apache.catalina.core.ApplicationContext.log ContextListener: contextDestroyed()
28-Nov-2022 11:59:58.929 정보 [main] org.apache.catalina.core.ApplicationContext.log ContextListener: contextInitialized()
28-Nov-2022 11:59:58.929 정보 [main] org.apache.catalina.core.ApplicationContext.log SessionListener: contextInitialized()
28-Nov-2022 11:59:58.929 정보 [main] org.apache.catalina.core.ApplicationContext.log ContextListener: attributeAdded('StockTicker', 'async.Stockticker@589b028e')
28-Nov-2022 12:11:00.005 정보 [Thread-1] org.apache.catalina.core.ApplicationContext.log SessionListener: contextDestroyed()
28-Nov-2022 12:11:00.005 정보 [Thread-1] org.apache.catalina.core.ApplicationContext.log ContextListener: contextDestroyed()
28-Nov-2022 12:11:06.567 정보 [main] org.apache.catalina.core.ApplicationContext.log ContextListener: contextInitialized()
28-Nov-2022 12:11:06.567 정보 [main] org.apache.catalina.core.ApplicationContext.log SessionListener: contextInitialized()
28-Nov-2022 12:11:06.567 정보 [main] org.apache.catalina.core.ApplicationContext.log ContextListener: attributeAdded('StockTicker', 'async.Stockticker@4c432866')
28-Nov-2022 19:32:56.108 정보 [Thread-1] org.apache.catalina.core.ApplicationContext.log SessionListener: contextDestroyed()
28-Nov-2022 19:32:56.108 정보 [Thread-1] org.apache.catalina.core.ApplicationContext.log ContextListener: contextDestroyed()
